{"ts":"2025-10-31T00:54:35.044Z","source":"frontend","type":"page_view","level":"info","message":"页面浏览","context":{"route":"/files","title":"KeruのBlog","referrer":"http://localhost:9394/chat","viewport":{"w":1920,"h":911}}}
{"ts":"2025-10-31T00:58:00.459Z","source":"frontend","type":"api_error","level":"error","message":"接口请求错误","context":{"route":"/template/create","method":"POST","status":500,"code":500,"errMsg":"\nInvalid `any).htmlTemplate.create()` invocation in\nE:\\github\\keru_blog\\server\\src\\router\\template\\service.ts:69:69\n\n  66 const existed = await (this.PrismaDB.prisma as any).htmlTemplate.findUnique({ where: { name: payload.name } })\n  67 if (existed) throw new Error('模板名称已存在')\n  68 \n→ 69 const record = await (this.PrismaDB.prisma as any).htmlTemplate.create(\nThe provided value for the column is too long for the column's type. Column: content"}}
{"ts":"2025-10-31T00:58:18.085Z","source":"frontend","type":"api_error","level":"error","message":"接口请求错误","context":{"route":"/template/create","method":"POST","status":500,"code":500,"errMsg":"\nInvalid `any).htmlTemplate.create()` invocation in\nE:\\github\\keru_blog\\server\\src\\router\\template\\service.ts:69:69\n\n  66 const existed = await (this.PrismaDB.prisma as any).htmlTemplate.findUnique({ where: { name: payload.name } })\n  67 if (existed) throw new Error('模板名称已存在')\n  68 \n→ 69 const record = await (this.PrismaDB.prisma as any).htmlTemplate.create(\nThe provided value for the column is too long for the column's type. Column: content"}}
{"ts":"2025-10-31T01:07:40.278Z","source":"frontend","type":"page_view","level":"info","message":"页面浏览","context":{"route":"/files","title":"KeruのBlog","referrer":"http://localhost:9394/files","viewport":{"w":1920,"h":911}}}
{"ts":"2025-10-31T01:07:40.279Z","source":"frontend","type":"page_view","level":"info","message":"页面浏览","context":{"route":"/files","title":"KeruのBlog","referrer":"http://localhost:9394/files","viewport":{"w":1920,"h":911}}}
{"ts":"2025-10-31T01:32:14.969Z","source":"frontend","type":"page_view","level":"info","message":"页面浏览","context":{"route":"/files","title":"KeruのBlog","referrer":"http://localhost:9394/files","viewport":{"w":1920,"h":911}}}
{"ts":"2025-10-31T01:32:14.971Z","source":"frontend","type":"page_view","level":"info","message":"页面浏览","context":{"route":"/files","title":"KeruのBlog","referrer":"http://localhost:9394/files","viewport":{"w":1920,"h":911}}}
{"ts":"2025-10-31T01:32:28.800Z","source":"frontend","type":"page_view","level":"info","message":"页面浏览","context":{"route":"/files","title":"KeruのBlog","referrer":"http://localhost:9394/files","viewport":{"w":1920,"h":911}}}
{"ts":"2025-10-31T01:32:28.801Z","source":"frontend","type":"page_view","level":"info","message":"页面浏览","context":{"route":"/files","title":"KeruのBlog","referrer":"http://localhost:9394/files","viewport":{"w":1920,"h":911}}}
{"ts":"2025-10-31T01:53:21.582Z","source":"frontend","type":"page_view","level":"info","message":"页面浏览","context":{"route":"/files","title":"KeruのBlog","referrer":"http://localhost:9394/files","viewport":{"w":1920,"h":911}}}
{"ts":"2025-10-31T01:53:21.585Z","source":"frontend","type":"page_view","level":"info","message":"页面浏览","context":{"route":"/files","title":"KeruのBlog","referrer":"http://localhost:9394/files","viewport":{"w":1920,"h":911}}}
{"ts":"2025-10-31T01:57:44.276Z","source":"frontend","type":"api_error","level":"error","message":"接口请求错误","context":{"route":"/htmlpdf/generate-raw","method":"POST","errMsg":"timeout of 30000ms exceeded"}}
{"ts":"2025-10-31T02:08:50.069Z","source":"frontend","type":"page_view","level":"info","message":"页面浏览","context":{"route":"/files","title":"KeruのBlog","referrer":"http://localhost:9394/files","viewport":{"w":1920,"h":911}}}
{"ts":"2025-10-31T02:08:50.130Z","source":"frontend","type":"page_view","level":"info","message":"页面浏览","context":{"route":"/files","title":"KeruのBlog","referrer":"http://localhost:9394/files","viewport":{"w":1920,"h":911}}}
{"ts":"2025-10-31T02:09:12.286Z","source":"frontend","type":"page_view","level":"info","message":"页面浏览","context":{"route":"/login","title":"KeruのBlog","referrer":"http://localhost:9394/files","viewport":{"w":1920,"h":911}}}
{"ts":"2025-10-31T02:09:12.286Z","source":"frontend","type":"page_view","level":"info","message":"页面浏览","context":{"route":"/login","title":"KeruのBlog","referrer":"http://localhost:9394/files","viewport":{"w":1920,"h":911}}}
{"ts":"2025-10-31T02:09:14.162Z","source":"frontend","type":"page_view","level":"info","message":"页面浏览","context":{"route":"/","title":"KeruのBlog","referrer":"http://localhost:9394/files","viewport":{"w":1920,"h":911}}}
{"ts":"2025-10-31T02:09:15.233Z","source":"frontend","type":"page_view","level":"info","message":"页面浏览","context":{"route":"/files","title":"KeruのBlog","referrer":"http://localhost:9394/files","viewport":{"w":1920,"h":911}}}
{"ts":"2025-10-31T02:09:54.449Z","source":"frontend","type":"api_error","level":"error","message":"接口请求错误","context":{"route":"/htmlpdf/generate-raw","method":"POST","errMsg":"timeout of 30000ms exceeded"}}
{"ts":"2025-10-31T02:15:04.893Z","source":"frontend","type":"api_error","level":"error","message":"接口请求错误","context":{"route":"/htmlpdf/generate-raw","method":"POST","errMsg":"timeout of 30000ms exceeded"}}
{"ts":"2025-10-31T02:36:31.324Z","source":"frontend","type":"page_view","level":"info","message":"页面浏览","context":{"route":"/files","title":"KeruのBlog","referrer":"http://localhost:9394/files","viewport":{"w":1920,"h":911}}}
{"ts":"2025-10-31T02:36:31.325Z","source":"frontend","type":"page_view","level":"info","message":"页面浏览","context":{"route":"/files","title":"KeruのBlog","referrer":"http://localhost:9394/files","viewport":{"w":1920,"h":911}}}
{"ts":"2025-10-31T02:37:15.624Z","source":"frontend","type":"api_error","level":"error","message":"接口请求错误","context":{"route":"/htmlpdf/generate-raw","method":"POST","errMsg":"timeout of 30000ms exceeded"}}
{"ts":"2025-10-31T02:42:49.740Z","source":"frontend","type":"api_error","level":"error","message":"接口请求错误","context":{"route":"/htmlpdf/generate-raw","method":"POST","errMsg":"timeout of 30000ms exceeded"}}
