{"ts":"2025-10-30T00:46:03.504Z","source":"frontend","type":"page_view","level":"info","message":"页面浏览","context":{"route":"/chat/ai","title":"KeruのBlog","referrer":"http://localhost:9394/learning","viewport":{"w":1920,"h":911}}}
{"ts":"2025-10-30T00:46:06.664Z","source":"frontend","type":"page_view","level":"info","message":"页面浏览","context":{"route":"/chat","title":"KeruのBlog","referrer":"http://localhost:9394/learning","viewport":{"w":1920,"h":911}}}
{"ts":"2025-10-30T00:46:11.810Z","source":"frontend","type":"page_view","level":"info","message":"页面浏览","context":{"route":"/chat","title":"KeruのBlog","referrer":"http://localhost:9394/learning","viewport":{"w":1920,"h":911}}}
{"ts":"2025-10-30T00:46:11.824Z","source":"frontend","type":"page_view","level":"info","message":"页面浏览","context":{"route":"/chat","title":"KeruのBlog","referrer":"http://localhost:9394/learning","viewport":{"w":1920,"h":911}}}
{"ts":"2025-10-30T01:22:02.278Z","source":"frontend","type":"page_view","level":"info","message":"页面浏览","context":{"route":"/chat","title":"KeruのBlog","referrer":"http://localhost:9394/learning","viewport":{"w":1920,"h":911}}}
{"ts":"2025-10-30T01:22:02.287Z","source":"frontend","type":"page_view","level":"info","message":"页面浏览","context":{"route":"/chat","title":"KeruのBlog","referrer":"http://localhost:9394/learning","viewport":{"w":1920,"h":911}}}
{"ts":"2025-10-30T01:23:07.685Z","source":"frontend","type":"page_view","level":"info","message":"页面浏览","context":{"route":"/chat","title":"KeruのBlog","referrer":"http://localhost:9394/learning","viewport":{"w":1920,"h":911}}}
{"ts":"2025-10-30T01:23:07.693Z","source":"frontend","type":"page_view","level":"info","message":"页面浏览","context":{"route":"/chat","title":"KeruのBlog","referrer":"http://localhost:9394/learning","viewport":{"w":1920,"h":911}}}
{"ts":"2025-10-30T01:25:42.166Z","source":"frontend","type":"page_view","level":"info","message":"页面浏览","context":{"route":"/chat","title":"KeruのBlog","referrer":"http://localhost:9394/learning","viewport":{"w":1920,"h":911}}}
{"ts":"2025-10-30T01:25:42.176Z","source":"frontend","type":"page_view","level":"info","message":"页面浏览","context":{"route":"/chat","title":"KeruのBlog","referrer":"http://localhost:9394/learning","viewport":{"w":1920,"h":911}}}
{"ts":"2025-10-30T02:01:33.854Z","source":"frontend","type":"page_view","level":"info","message":"页面浏览","context":{"route":"/chat/room/123?name=123","title":"KeruのBlog","referrer":"http://localhost:9394/learning","viewport":{"w":1920,"h":911}}}
{"ts":"2025-10-30T02:01:45.475Z","source":"frontend","type":"page_view","level":"info","message":"页面浏览","context":{"route":"/files","title":"KeruのBlog","referrer":"http://localhost:9394/learning","viewport":{"w":1920,"h":911}}}
{"ts":"2025-10-30T02:01:50.456Z","source":"frontend","type":"page_view","level":"info","message":"页面浏览","context":{"route":"/","title":"KeruのBlog","referrer":"http://localhost:9394/learning","viewport":{"w":1920,"h":911}}}
{"ts":"2025-10-30T02:01:50.695Z","source":"frontend","type":"unhandled_rejection","level":"error","message":"未处理的 Promise 拒绝","context":{"route":"/","reason":"Unauthorized！缺少token或者token无效！","userAgent":"Mozilla/5.0 (Windows NT 10.0; Win64; x64) AppleWebKit/537.36 (KHTML, like Gecko) Chrome/141.0.0.0 Safari/537.36"}}
{"ts":"2025-10-30T02:01:50.696Z","source":"frontend","type":"unhandled_rejection","level":"error","message":"未处理的 Promise 拒绝","context":{"route":"/","reason":"Unauthorized！缺少token或者token无效！","userAgent":"Mozilla/5.0 (Windows NT 10.0; Win64; x64) AppleWebKit/537.36 (KHTML, like Gecko) Chrome/141.0.0.0 Safari/537.36"}}
{"ts":"2025-10-30T02:01:52.941Z","source":"frontend","type":"page_view","level":"info","message":"页面浏览","context":{"route":"/login","title":"KeruのBlog","referrer":"http://localhost:9394/","viewport":{"w":1920,"h":911}}}
{"ts":"2025-10-30T02:01:52.941Z","source":"frontend","type":"page_view","level":"info","message":"页面浏览","context":{"route":"/login","title":"KeruのBlog","referrer":"http://localhost:9394/","viewport":{"w":1920,"h":911}}}
{"ts":"2025-10-30T02:01:54.790Z","source":"frontend","type":"page_view","level":"info","message":"页面浏览","context":{"route":"/","title":"KeruのBlog","referrer":"http://localhost:9394/","viewport":{"w":1920,"h":911}}}
{"ts":"2025-10-30T02:06:36.114Z","source":"frontend","type":"page_view","level":"info","message":"页面浏览","context":{"route":"/chat","title":"KeruのBlog","referrer":"http://localhost:9394/","viewport":{"w":1920,"h":911}}}
{"ts":"2025-10-30T05:40:12.612Z","source":"frontend","type":"page_view","level":"info","message":"页面浏览","context":{"route":"/chat","title":"KeruのBlog","referrer":"http://localhost:9394/chat","viewport":{"w":1920,"h":911}}}
{"ts":"2025-10-30T05:40:12.612Z","source":"frontend","type":"page_view","level":"info","message":"页面浏览","context":{"route":"/chat","title":"KeruのBlog","referrer":"http://localhost:9394/chat","viewport":{"w":1920,"h":911}}}
{"ts":"2025-10-30T05:40:23.807Z","source":"frontend","type":"page_view","level":"info","message":"页面浏览","context":{"route":"/files","title":"KeruのBlog","referrer":"http://localhost:9394/chat","viewport":{"w":1920,"h":911}}}
{"ts":"2025-10-30T05:40:26.286Z","source":"frontend","type":"page_view","level":"info","message":"页面浏览","context":{"route":"/chat","title":"KeruのBlog","referrer":"http://localhost:9394/chat","viewport":{"w":1920,"h":911}}}
{"ts":"2025-10-30T06:04:46.437Z","source":"frontend","type":"page_view","level":"info","message":"页面浏览","context":{"route":"/chat/room/cmhd0s7hf00055jlq2car9zi0","title":"KeruのBlog","referrer":"http://localhost:9394/chat","viewport":{"w":1920,"h":911}}}
{"ts":"2025-10-30T06:04:49.675Z","source":"frontend","type":"page_view","level":"info","message":"页面浏览","context":{"route":"/chat","title":"KeruのBlog","referrer":"http://localhost:9394/chat","viewport":{"w":1920,"h":911}}}
{"ts":"2025-10-30T06:05:28.600Z","source":"frontend","type":"page_view","level":"info","message":"页面浏览","context":{"route":"/chat/room/132575?name=1242345","title":"KeruのBlog","referrer":"http://localhost:9394/chat","viewport":{"w":1920,"h":911}}}
{"ts":"2025-10-30T06:05:28.638Z","source":"frontend","type":"api_error","level":"error","message":"接口请求错误","context":{"route":"/chatrooms/132575/join","method":"POST","status":400,"code":400,"errMsg":"房间不存在"}}
{"ts":"2025-10-30T06:05:28.655Z","source":"frontend","type":"api_error","level":"error","message":"接口请求错误","context":{"route":"/chatrooms/132575/join","method":"POST","status":400,"code":400,"errMsg":"房间不存在"}}
{"ts":"2025-10-30T06:05:33.058Z","source":"frontend","type":"page_view","level":"info","message":"页面浏览","context":{"route":"/chat","title":"KeruのBlog","referrer":"http://localhost:9394/chat","viewport":{"w":1920,"h":911}}}
{"ts":"2025-10-30T06:05:35.705Z","source":"frontend","type":"page_view","level":"info","message":"页面浏览","context":{"route":"/chat/room/cmhd0s7hf00055jlq2car9zi0","title":"KeruのBlog","referrer":"http://localhost:9394/chat","viewport":{"w":1920,"h":911}}}
{"ts":"2025-10-30T06:05:43.989Z","source":"frontend","type":"page_view","level":"info","message":"页面浏览","context":{"route":"/chat","title":"KeruのBlog","referrer":"http://localhost:9394/chat","viewport":{"w":1920,"h":911}}}
{"ts":"2025-10-30T06:11:44.252Z","source":"frontend","type":"page_view","level":"info","message":"页面浏览","context":{"route":"/chat/room/cmhd0s7hf00055jlq2car9zi0","title":"KeruのBlog","referrer":"http://localhost:9394/chat","viewport":{"w":1920,"h":911}}}
{"ts":"2025-10-30T06:11:49.908Z","source":"frontend","type":"page_view","level":"info","message":"页面浏览","context":{"route":"/chat","title":"KeruのBlog","referrer":"http://localhost:9394/chat","viewport":{"w":1920,"h":911}}}
{"ts":"2025-10-30T06:11:51.160Z","source":"frontend","type":"page_view","level":"info","message":"页面浏览","context":{"route":"/chat/room/cmhd0s7hf00055jlq2car9zi0","title":"KeruのBlog","referrer":"http://localhost:9394/chat","viewport":{"w":1920,"h":911}}}
{"ts":"2025-10-30T06:11:53.328Z","source":"frontend","type":"page_view","level":"info","message":"页面浏览","context":{"route":"/chat","title":"KeruのBlog","referrer":"http://localhost:9394/chat","viewport":{"w":1920,"h":911}}}
{"ts":"2025-10-30T06:28:25.824Z","source":"frontend","type":"page_view","level":"info","message":"页面浏览","context":{"route":"/chat/ai","title":"KeruのBlog","referrer":"http://localhost:9394/chat","viewport":{"w":1920,"h":911}}}
{"ts":"2025-10-30T06:32:42.054Z","source":"frontend","type":"page_view","level":"info","message":"页面浏览","context":{"route":"/chat/ai","title":"KeruのBlog","referrer":"http://localhost:9394/chat","viewport":{"w":1920,"h":911}}}
{"ts":"2025-10-30T07:09:09.846Z","source":"frontend","type":"page_view","level":"info","message":"页面浏览","context":{"route":"/chat/ai","title":"KeruのBlog","referrer":"http://localhost:9394/chat/ai","viewport":{"w":1920,"h":911}}}
{"ts":"2025-10-30T07:09:09.848Z","source":"frontend","type":"page_view","level":"info","message":"页面浏览","context":{"route":"/chat/ai","title":"KeruのBlog","referrer":"http://localhost:9394/chat/ai","viewport":{"w":1920,"h":911}}}
{"ts":"2025-10-30T07:09:13.238Z","source":"frontend","type":"page_view","level":"info","message":"页面浏览","context":{"route":"/chat","title":"KeruのBlog","referrer":"http://localhost:9394/chat/ai","viewport":{"w":1920,"h":911}}}
{"ts":"2025-10-30T07:09:23.589Z","source":"frontend","type":"page_view","level":"info","message":"页面浏览","context":{"route":"/chat/room/cmhd0s7hf00055jlq2car9zi0","title":"KeruのBlog","referrer":"http://localhost:9394/chat/ai","viewport":{"w":1920,"h":911}}}
{"ts":"2025-10-30T07:09:44.606Z","source":"frontend","type":"page_view","level":"info","message":"页面浏览","context":{"route":"/chat","title":"KeruのBlog","referrer":"http://localhost:9394/chat/ai","viewport":{"w":1920,"h":911}}}
{"ts":"2025-10-30T07:09:45.969Z","source":"frontend","type":"page_view","level":"info","message":"页面浏览","context":{"route":"/chat/room/cmhd0s7hf00055jlq2car9zi0","title":"KeruのBlog","referrer":"http://localhost:9394/chat/ai","viewport":{"w":1920,"h":911}}}
{"ts":"2025-10-30T07:10:06.346Z","source":"frontend","type":"page_view","level":"info","message":"页面浏览","context":{"route":"/chat","title":"KeruのBlog","referrer":"http://localhost:9394/chat/ai","viewport":{"w":1920,"h":911}}}
{"ts":"2025-10-30T09:06:06.469Z","source":"frontend","type":"page_view","level":"info","message":"页面浏览","context":{"route":"/chat","title":"KeruのBlog","referrer":"http://localhost:9394/chat","viewport":{"w":1920,"h":911}}}
{"ts":"2025-10-30T09:06:06.471Z","source":"frontend","type":"page_view","level":"info","message":"页面浏览","context":{"route":"/chat","title":"KeruのBlog","referrer":"http://localhost:9394/chat","viewport":{"w":1920,"h":911}}}
